lib/android/app/build/outputs/logs/manifest-merger-reactNative60-debug-report.txt
-- Merging decision tree log ---
manifest
ADDED from src\main\AndroidManifest.xml:2:1-28:12
INJECTED from src\main\AndroidManifest.xml:2:1-28:12
INJECTED from src\main\AndroidManifest.xml:2:1-28:12
INJECTED from src\main\AndroidManifest.xml:2:1-28:12
INJECTED from src\main\AndroidManifest.xml:2:1-28:12
INJECTED from src\main\AndroidManifest.xml:2:1-28:12
INJECTED from src\main\AndroidManifest.xml:2:1-28:12
	package
		ADDED from src\main\AndroidManifest.xml:4:5-47
		INJECTED from src\main\AndroidManifest.xml
		INJECTED from src\main\AndroidManifest.xml
	android:versionName
		INJECTED from src\main\AndroidManifest.xml
		ADDED from src\main\AndroidManifest.xml:2:1-28:12
		INJECTED from src\main\AndroidManifest.xml
	android:versionCode
		INJECTED from src\main\AndroidManifest.xml
		ADDED from src\main\AndroidManifest.xml:2:1-28:12
		INJECTED from src\main\AndroidManifest.xml
	xmlns:android
		ADDED from src\main\AndroidManifest.xml:3:5-63
application
ADDED from src\main\AndroidManifest.xml:6:5-26:19
service#com.wix.reactnativenotifications.core.ProxyService
ADDED from src\main\AndroidManifest.xml:11:9-53
	android:name
		ADDED from src\main\AndroidManifest.xml:11:18-51
receiver#com.wix.reactnativenotifications.core.MyNotificationPublisher
ADDED from src\main\AndroidManifest.xml:12:9-13:62
	android:name
		ADDED from src\main\AndroidManifest.xml:13:13-59
service#com.wix.reactnativenotifications.fcm.FcmInstanceIdListenerService
ADDED from src\main\AndroidManifest.xml:15:9-21:19
	android:name
		ADDED from src\main\AndroidManifest.xml:16:13-61
intent-filter#action:name:com.google.firebase.INSTANCE_ID_EVENT+action:name:com.google.firebase.MESSAGING_EVENT
ADDED from src\main\AndroidManifest.xml:17:13-20:29
action#com.google.firebase.MESSAGING_EVENT
ADDED from src\main\AndroidManifest.xml:18:17-78
	android:name
		ADDED from src\main\AndroidManifest.xml:18:25-75
action#com.google.firebase.INSTANCE_ID_EVENT
ADDED from src\main\AndroidManifest.xml:19:17-80
	android:name
		ADDED from src\main\AndroidManifest.xml:19:25-77
service#com.wix.reactnativenotifications.fcm.FcmInstanceIdRefreshHandlerService
ADDED from src\main\AndroidManifest.xml:23:9-25:40
	android:exported
		ADDED from src\main\AndroidManifest.xml:25:13-37
	android:name
		ADDED from src\main\AndroidManifest.xml:24:13-67
uses-sdk
INJECTED from src\main\AndroidManifest.xml reason: use-sdk injection requested
INJECTED from src\main\AndroidManifest.xml
INJECTED from src\main\AndroidManifest.xml
INJECTED from src\main\AndroidManifest.xml
INJECTED from src\main\AndroidManifest.xml
	android:targetSdkVersion
		INJECTED from src\main\AndroidManifest.xml
		ADDED from src\main\AndroidManifest.xml
		INJECTED from src\main\AndroidManifest.xml
	android:minSdkVersion
		INJECTED from src\main\AndroidManifest.xml
		ADDED from src\main\AndroidManifest.xml
		INJECTED from src\main\AndroidManifest.xml